<?xml version="1.0" encoding="UTF-8"?>
<!-- Generated by org.testng.reporters.JUnitReportReporter -->
<testsuite hostname="DESKTOP-H5CHME6" failures="0" tests="1" name="Testcases.HomepageTest" time="29.382" errors="0" timestamp="2023-09-03T17:13:22 IST" skipped="0">
  <testcase classname="Testcases.HomepageTest" name="Validate" time="29.382"/>
  <system-out/>
</testsuite> <!-- Testcases.HomepageTest -->
